This is pdfTeX, Version 3.1415926-1.40.10 (MiKTeX 2.8) (preloaded format=latex 2010.6.10)  11 JUN 2010 03:09
entering extended mode
**blitz.tex
(N:\mkmsc\blitz\src\blitz.tex
LaTeX2e <2005/12/01>
Babel <v3.8l> and hyphenation patterns for english, dumylang, nohyphenation, german, ngerman, german-x-2009-06-19, ngerm
an-x-2009-06-19, french, russian, loaded.
("C:\Program Files\MiKTeX 2.8\tex\latex\base\article.cls"
Document Class: article 2005/09/16 v1.4f Standard LaTeX document class
("C:\Program Files\MiKTeX 2.8\tex\latex\base\size12.clo"
File: size12.clo 2005/09/16 v1.4f Standard LaTeX file (size option)
)
\c@part=\count79
\c@section=\count80
\c@subsection=\count81
\c@subsubsection=\count82
\c@paragraph=\count83
\c@subparagraph=\count84
\c@figure=\count85
\c@table=\count86
\abovecaptionskip=\skip41
\belowcaptionskip=\skip42
\bibindent=\dimen102
) ("C:\Program Files\MiKTeX 2.8\tex\generic\babel\babel.sty"
Package: babel 2008/07/06 v3.8l The Babel package

*************************************
* Local config file bblopts.cfg used
*
("C:\Program Files\MiKTeX 2.8\tex\latex\00miktex\bblopts.cfg"
File: bblopts.cfg 2006/07/31 v1.0 MiKTeX 'babel' configuration
)
("C:\Program Files\MiKTeX 2.8\tex\generic\babel\russianb.ldf"
Language: russianb 2008/03/21 v1.1r Russian support from the babel system
 ("C:\Program Files\MiKTeX 2.8\tex\generic\babel\babel.def"
File: babel.def 2008/07/06 v3.8l Babel common definitions
\babel@savecnt=\count87
\U@D=\dimen103
) (C:\Users\Qnan\AppData\Roaming\MiKTeX\2.8\tex\latex\cyrillic\t2aenc.def
File: t2aenc.def 2005/09/27 v1.0i Cyrillic encoding definition file
)

Package babel Warning: No input encoding specified for Russian language on input line 136.

Package babel Info: Making " an active character on input line 199.
)) ("C:\Program Files\MiKTeX 2.8\tex\latex\base\inputenc.sty"
Package: inputenc 2006/05/05 v1.1b Input encoding file
\inpenc@prehook=\toks14
\inpenc@posthook=\toks15

(C:\Users\Qnan\AppData\Roaming\MiKTeX\2.8\tex\latex\cyrillic\cp1251.def
File: cp1251.def 1999/11/16 v1.0d Input encoding file
))
("C:\Program Files\MiKTeX 2.8\tex\latex\graphics\graphicx.sty"
Package: graphicx 1999/02/16 v1.0f Enhanced LaTeX Graphics (DPC,SPQR)

("C:\Program Files\MiKTeX 2.8\tex\latex\graphics\keyval.sty"
Package: keyval 1999/03/16 v1.13 key=value parser (DPC)
\KV@toks@=\toks16
)
("C:\Program Files\MiKTeX 2.8\tex\latex\graphics\graphics.sty"
Package: graphics 2006/02/20 v1.0o Standard LaTeX Graphics (DPC,SPQR)
 ("C:\Program Files\MiKTeX 2.8\tex\latex\graphics\trig.sty"
Package: trig 1999/03/16 v1.09 sin cos tan (DPC)
) ("C:\Program Files\MiKTeX 2.8\tex\latex\00miktex\graphics.cfg"
File: graphics.cfg 2007/01/18 v1.5 graphics configuration of teTeX/TeXLive
)
Package graphics Info: Driver file: dvips.def on input line 90.

("C:\Program Files\MiKTeX 2.8\tex\latex\graphics\dvips.def"
File: dvips.def 1999/02/16 v3.0i Driver-dependant file (DPC,SPQR)
))
\Gin@req@height=\dimen104
\Gin@req@width=\dimen105
) ("C:\Program Files\MiKTeX 2.8\tex\latex\psnfss\helvet.sty"
Package: helvet 2005/04/12 PSNFSS-v9.2a (WaS) 
) ("C:\Program Files\MiKTeX 2.8\tex\latex\amsfonts\amsfonts.sty"
Package: amsfonts 2009/06/22 v3.00 Basic AMSFonts support
\@emptytoks=\toks17
\symAMSa=\mathgroup4
\symAMSb=\mathgroup5
LaTeX Font Info:    Overwriting math alphabet `\mathfrak' in version `bold'
(Font)                  U/euf/m/n --> U/euf/b/n on input line 96.
)
("C:\Program Files\MiKTeX 2.8\tex\latex\amsfonts\amssymb.sty"
Package: amssymb 2009/06/22 v3.00
)
("C:\Program Files\MiKTeX 2.8\tex\latex\geometry\geometry.sty"
Package: geometry 2008/12/21 v4.2 Page Geometry

("C:\Program Files\MiKTeX 2.8\tex\generic\oberdiek\ifpdf.sty"
Package: ifpdf 2009/04/10 v2.0 Provides the ifpdf switch (HO)
Package ifpdf Info: pdfTeX in pdf mode not detected.
)
("C:\Program Files\MiKTeX 2.8\tex\generic\oberdiek\ifvtex.sty"
Package: ifvtex 2008/11/04 v1.4 Switches for detecting VTeX and its modes (HO)
Package ifvtex Info: VTeX not detected.
)
\Gm@cnth=\count88
\Gm@cntv=\count89
\c@Gm@tempcnt=\count90
\Gm@bindingoffset=\dimen106
\Gm@wd@mp=\dimen107
\Gm@odd@mp=\dimen108
\Gm@even@mp=\dimen109
\Gm@dimlist=\toks18

("C:\Program Files\MiKTeX 2.8\tex\latex\geometry\geometry.cfg"))
(C:\Users\Qnan\AppData\Roaming\MiKTeX\2.8\tex\latex\algorithm2e\algorithm2e.sty
Package: algorithm2e 2008/00/00 v3.10 algorithms environments
\c@AlgoLine=\count91

("C:\Program Files\MiKTeX 2.8\tex\latex\base\ifthen.sty"
Package: ifthen 2001/05/26 v1.1c Standard LaTeX ifthen package (DPC)
) ("C:\Program Files\MiKTeX 2.8\tex\latex\tools\xspace.sty"
Package: xspace 2006/05/08 v1.12 Space after command names (DPC,MH)
)
("C:\Program Files\MiKTeX 2.8\tex\latex\ltxmisc\relsize.sty"
Package: relsize 2003/07/04 ver 3.1
)
********************************************************
Package `algorithm2e' Release 4.01 -- december 14 2009 --
- algorithm2e-announce@lirmm.fr mailing list for announcement about releases
- algorithm2e-discussion@lirmm.fr mailing list for discussion about package
subscribe by emailing sympa@lirmm.fr with 'subscribe <list> <firstname name>'
- Author: Christophe Fiorio (fiorio@lirmm.fr)
********************************************************
\skiptotal=\skip43
\skiplinenumber=\skip44
\skiprule=\skip45
\skiphlne=\skip46
\skiptext=\skip47
\skiplength=\skip48
\algomargin=\skip49
\skipalgocfslide=\skip50
\algowidth=\dimen110
\inoutsize=\dimen111
\inoutline=\dimen112
\interspacetitleruled=\dimen113
\interspacealgoruled=\dimen114
\interspacetitleboxruled=\dimen115
\algocf@inoutbox=\box26
\algocf@inputbox=\box27
\AlCapSkip=\skip51
\AlCapHSkip=\skip52
\algocf@nlbox=\box28
\algocf@hangingbox=\box29
\algocf@capbox=\box30
\algoheightruledefault=\skip53
\algoheightrule=\skip54
\algotitleheightruledefault=\skip55
\algotitleheightrule=\skip56
\c@algocfline=\count92
\c@algocfproc=\count93
\c@algocf=\count94
\algocf@algoframe=\box31
\algocf@algobox=\box32
) (C:\Users\Qnan\AppData\Roaming\MiKTeX\2.8\tex\latex\algorithms\algorithmic.sty
Package: algorithmic 2009/08/24 v0.1 Document Style `algorithmic'
\c@ALC@unique=\count95
\c@ALC@line=\count96
\c@ALC@rem=\count97
\c@ALC@depth=\count98
\ALC@tlm=\skip57
\algorithmicindent=\skip58
) (N:\mkmsc\blitz\src\blitz.aux
(N:\mkmsc\blitz\src\blitz_title.aux)
LaTeX Font Info:    Try loading font information for T2A+cmr on input line 4.
 (C:\Users\Qnan\AppData\Roaming\MiKTeX\2.8\tex\latex\cyrillic\t2acmr.fd
File: t2acmr.fd 2001/08/11 v1.0a Computer Modern Cyrillic font definitions
)
(N:\mkmsc\blitz\src\blitz_intro.aux) (N:\mkmsc\blitz\src\blitz_problem.aux) (N:\mkmsc\blitz\src\blitz_schemes.aux)
(N:\mkmsc\blitz\src\blitz_reduce.aux) (N:\mkmsc\blitz\src\blitz_impl.aux) (N:\mkmsc\blitz\src\blitz_results.aux)
(N:\mkmsc\blitz\src\blitz_concl.aux) (N:\mkmsc\blitz\src\blitz_lib.aux))
LaTeX Font Info:    Checking defaults for OML/cmm/m/it on input line 18.
LaTeX Font Info:    ... okay on input line 18.
LaTeX Font Info:    Checking defaults for T1/cmr/m/n on input line 18.
LaTeX Font Info:    ... okay on input line 18.
LaTeX Font Info:    Checking defaults for OT1/cmr/m/n on input line 18.
LaTeX Font Info:    ... okay on input line 18.
LaTeX Font Info:    Checking defaults for OMS/cmsy/m/n on input line 18.
LaTeX Font Info:    ... okay on input line 18.
LaTeX Font Info:    Checking defaults for OMX/cmex/m/n on input line 18.
LaTeX Font Info:    ... okay on input line 18.
LaTeX Font Info:    Checking defaults for U/cmr/m/n on input line 18.
LaTeX Font Info:    ... okay on input line 18.
LaTeX Font Info:    Checking defaults for T2A/cmr/m/n on input line 18.
LaTeX Font Info:    ... okay on input line 18.

*geometry auto-detecting driver*
*geometry detected driver: dvips*
-------------------- Geometry parameters
paper: a4paper
landscape: --
twocolumn: --
twoside: --
asymmetric: --
h-parts: 56.9055pt, 483.69687pt, 56.9055pt
v-parts: 56.9055pt, 731.23584pt, 56.9055pt
hmarginratio: --
vmarginratio: --
lines: --
heightrounded: --
bindingoffset: 0.0pt
truedimen: --
includehead: --
includefoot: --
includemp: --
driver: dvips
-------------------- Page layout dimensions and switches
\paperwidth  597.50787pt
\paperheight 845.04684pt
\textwidth  483.69687pt
\textheight 731.23584pt
\oddsidemargin  -15.36449pt
\evensidemargin -15.36449pt
\topmargin  -52.36449pt
\headheight 12.0pt
\headsep    25.0pt
\footskip   30.0pt
\marginparwidth 35.0pt
\marginparsep   10.0pt
\columnsep  10.0pt
\skip\footins  10.8pt plus 4.0pt minus 2.0pt
\hoffset 0.0pt
\voffset 0.0pt
\mag 1000

(1in=72.27pt, 1cm=28.45pt)
-----------------------
(N:\mkmsc\blitz\src\blitz_title.tex
LaTeX Font Info:    Try loading font information for U+msa on input line 13.
 ("C:\Program Files\MiKTeX 2.8\tex\latex\amsfonts\umsa.fd"
File: umsa.fd 2009/06/22 v3.00 AMS symbols A
)
LaTeX Font Info:    Try loading font information for U+msb on input line 13.

("C:\Program Files\MiKTeX 2.8\tex\latex\amsfonts\umsb.fd"
File: umsb.fd 2009/06/22 v3.00 AMS symbols B
) [1


]) (N:\mkmsc\blitz\src\blitz.toc)
\tf@toc=\write3
 [1

] [2]
(N:\mkmsc\blitz\src\blitz_intro.tex
LaTeX Font Info:    Try loading font information for OMS+cmr on input line 4.
 ("C:\Program Files\MiKTeX 2.8\tex\latex\base\omscmr.fd"
File: omscmr.fd 1999/05/25 v2.5h Standard LaTeX font definitions
)
LaTeX Font Info:    Font shape `OMS/cmr/m/n' in size <12> not available
(Font)              Font shape `OMS/cmsy/m/n' tried instead on input line 4.
 [3

]
LaTeX Font Info:    Try loading font information for T2A+cmtt on input line 22.

(C:\Users\Qnan\AppData\Roaming\MiKTeX\2.8\tex\latex\cyrillic\t2acmtt.fd
File: t2acmtt.fd 2001/08/11 v1.0a Computer Modern Cyrillic font definitions
)

LaTeX Warning: Citation `smth' on page 4 undefined on input line 25.

) [4] [5] (N:\mkmsc\blitz\src\blitz_problem.tex
File: ../pic/firstexample.eps Graphic file (type eps)
 <../pic/firstexample.eps> [6


]
File: ../pic/nonunique1.eps Graphic file (type eps)
 <../pic/nonunique1.eps>
File: ../pic/nonunique2.eps Graphic file (type eps)

<../pic/nonunique2.eps> [7] [8]) [9] [10] (N:\mkmsc\blitz\src\blitz_schemes.tex
File: ../pic/split.eps Graphic file (type eps)
 <../pic/split.eps> [11


] [12]
File: ../pic/mintree.eps Graphic file (type eps)

<../pic/mintree.eps>
File: ../pic/mintreescheme.eps Graphic file (type eps)
 <../pic/mintreescheme.eps> [13] [14]) [15] (N:\mkmsc\blitz\src\blitz_reduce.tex [16


]

LaTeX Warning: Reference `sss:N' on page 17 undefined on input line 49.

[17]) [18] (N:\mkmsc\blitz\src\blitz_impl.tex) [19


] (N:\mkmsc\blitz\src\blitz_results.tex) [20


]
(N:\mkmsc\blitz\src\blitz_concl.tex) [21


] (N:\mkmsc\blitz\src\blitz_lib.tex
Underfull \hbox (badness 8056) in paragraph at lines 19--20
[][]\T2A/cmr/m/n/12 Vasiliev N.N., The System for the Synthesis of evaluating programms for
 []


Overfull \hbox (15.74065pt too wide) in paragraph at lines 29--30
[][]\T2A/cmr/m/n/12 Bernstein D. Pippenger's Exponentiation Algorithm, http://cr.yp.to/papers.html#pippenger,
 []

[22


]) [23] (N:\mkmsc\blitz\src\blitz.aux (N:\mkmsc\blitz\src\blitz_title.aux) (N:\mkmsc\blitz\src\blitz_intro.aux)
(N:\mkmsc\blitz\src\blitz_problem.aux) (N:\mkmsc\blitz\src\blitz_schemes.aux) (N:\mkmsc\blitz\src\blitz_reduce.aux)
(N:\mkmsc\blitz\src\blitz_impl.aux) (N:\mkmsc\blitz\src\blitz_results.aux) (N:\mkmsc\blitz\src\blitz_concl.aux)
(N:\mkmsc\blitz\src\blitz_lib.aux))

LaTeX Warning: There were undefined references.

 ) 
Here is how much of TeX's memory you used:
 3508 strings out of 495060
 46337 string characters out of 3177461
 117251 words of memory out of 3000000
 6606 multiletter control sequences out of 15000+200000
 20113 words of font info for 53 fonts, out of 3000000 for 9000
 198 hyphenation exceptions out of 8191
 28i,12n,28p,1031b,401s stack positions out of 5000i,500n,10000p,200000b,50000s

Output written on blitz.dvi (24 pages, 82356 bytes).
